<?xml version="1.0" encoding="UTF-8"?>
<robot generator="Robot 7.4.1 (Python 3.11.9 on win32)" generated="2025-12-25T14:10:12.977676" rpa="false" schemaversion="5">
<suite id="s1" name="Register Success No Organization Info" source="D:\CP\lab4\TestAutomationLab\tests\Register Success No Organization Info\Register_Success_No_Organization_Info.robot">
<test id="s1-t1" name="Register Success No Organization" line="9">
<kw name="Open Browser" owner="SeleniumLibrary">
<msg time="2025-12-25T14:10:13.332985" level="INFO">Opening browser 'Chrome' to base url 'file:///D:/CP/lab4/TestAutomationLab/StarterFiles/Registration.html'.</msg>
<arg>${URL}</arg>
<arg>${BROWSER}</arg>
<doc>Opens a new browser instance to the optional ``url``.</doc>
<status status="PASS" start="2025-12-25T14:10:13.331987" elapsed="1.529249"/>
</kw>
<kw name="Maximize Browser Window" owner="SeleniumLibrary">
<doc>Maximizes current browser window.</doc>
<status status="PASS" start="2025-12-25T14:10:14.861236" elapsed="0.094455"/>
</kw>
<kw name="Input Text" owner="SeleniumLibrary">
<msg time="2025-12-25T14:10:14.963057" level="INFO">Typing text 'Somyod' into text field 'id=firstname'.</msg>
<arg>id=firstname</arg>
<arg>Somyod</arg>
<doc>Types the given ``text`` into the text field identified by ``locator``.</doc>
<status status="PASS" start="2025-12-25T14:10:14.962057" elapsed="0.185738"/>
</kw>
<kw name="Input Text" owner="SeleniumLibrary">
<msg time="2025-12-25T14:10:15.150366" level="INFO">Typing text 'Sodsai' into text field 'id=lastname'.</msg>
<arg>id=lastname</arg>
<arg>Sodsai</arg>
<doc>Types the given ``text`` into the text field identified by ``locator``.</doc>
<status status="PASS" start="2025-12-25T14:10:15.149223" elapsed="0.113104"/>
</kw>
<kw name="Input Text" owner="SeleniumLibrary">
<msg time="2025-12-25T14:10:15.263366" level="INFO">Typing text 'somyod@kkumail.com' into text field 'id=email'.</msg>
<arg>id=email</arg>
<arg>somyod@kkumail.com</arg>
<doc>Types the given ``text`` into the text field identified by ``locator``.</doc>
<status status="PASS" start="2025-12-25T14:10:15.262327" elapsed="0.126163"/>
</kw>
<kw name="Input Text" owner="SeleniumLibrary">
<msg time="2025-12-25T14:10:15.389833" level="INFO">Typing text '091-001-1234' into text field 'id=phone'.</msg>
<arg>id=phone</arg>
<arg>091-001-1234</arg>
<doc>Types the given ``text`` into the text field identified by ``locator``.</doc>
<status status="PASS" start="2025-12-25T14:10:15.389833" elapsed="0.102016"/>
</kw>
<kw name="Click Button" owner="SeleniumLibrary">
<msg time="2025-12-25T14:10:15.492851" level="INFO">Clicking button 'id=registerButton'.</msg>
<arg>id=registerButton</arg>
<doc>Clicks the button identified by ``locator``.</doc>
<status status="PASS" start="2025-12-25T14:10:15.491849" elapsed="0.090498"/>
</kw>
<kw name="Title Should Be" owner="SeleniumLibrary">
<msg time="2025-12-25T14:10:15.599992" level="INFO">Page title is 'Success'.</msg>
<arg>Success</arg>
<doc>Verifies that the current page title equals ``title``.</doc>
<status status="PASS" start="2025-12-25T14:10:15.582347" elapsed="0.018664"/>
</kw>
<kw name="Page Should Contain" owner="SeleniumLibrary">
<msg time="2025-12-25T14:10:15.616409" level="INFO">Current page contains text 'Thank you for registering with us.'.</msg>
<arg>Thank you for registering with us.</arg>
<doc>Verifies that current page contains ``text``.</doc>
<status status="PASS" start="2025-12-25T14:10:15.601011" elapsed="0.015398"/>
</kw>
<kw name="Page Should Contain" owner="SeleniumLibrary">
<msg time="2025-12-25T14:10:15.632459" level="INFO">Current page contains text 'We will send a confirmation to your email soon.'.</msg>
<arg>We will send a confirmation to your email soon.</arg>
<doc>Verifies that current page contains ``text``.</doc>
<status status="PASS" start="2025-12-25T14:10:15.617422" elapsed="0.016286"/>
</kw>
<kw name="Close Browser" owner="SeleniumLibrary">
<doc>Closes the current browser.</doc>
<status status="PASS" start="2025-12-25T14:10:15.633708" elapsed="2.239160"/>
</kw>
<status status="PASS" start="2025-12-25T14:10:13.329487" elapsed="4.543889"/>
</test>
<status status="PASS" start="2025-12-25T14:10:12.980140" elapsed="4.894247"/>
</suite>
<statistics>
<total>
<stat pass="1" fail="0" skip="0">All Tests</stat>
</total>
<tag>
</tag>
<suite>
<stat name="Register Success No Organization Info" id="s1" pass="1" fail="0" skip="0">Register Success No Organization Info</stat>
</suite>
</statistics>
<errors>
</errors>
</robot>
