<?xml version="1.0" encoding="UTF-8"?>
<robot generator="Robot 7.4.1 (Python 3.11.9 on win32)" generated="2025-12-25T14:16:09.821502" rpa="false" schemaversion="5">
<suite id="s1" name="Empty Last Name" source="D:\CP\lab4\TestAutomationLab\tests\Empty Last Name\empty_last_name.robot">
<test id="s1-t1" name="Empty Last Name" line="9">
<kw name="Open Browser" owner="SeleniumLibrary">
<msg time="2025-12-25T14:16:10.182842" level="INFO">Opening browser 'Chrome' to base url 'file:///D:/CP/lab4/TestAutomationLab/StarterFiles/Registration.html'.</msg>
<arg>${URL}</arg>
<arg>${BROWSER}</arg>
<doc>Opens a new browser instance to the optional ``url``.</doc>
<status status="PASS" start="2025-12-25T14:16:10.181807" elapsed="1.551064"/>
</kw>
<kw name="Maximize Browser Window" owner="SeleniumLibrary">
<doc>Maximizes current browser window.</doc>
<status status="PASS" start="2025-12-25T14:16:11.734014" elapsed="0.041854"/>
</kw>
<kw name="Input Text" owner="SeleniumLibrary">
<msg time="2025-12-25T14:16:11.777868" level="INFO">Typing text 'Somyod' into text field 'id=firstname'.</msg>
<arg>id=firstname</arg>
<arg>Somyod</arg>
<doc>Types the given ``text`` into the text field identified by ``locator``.</doc>
<status status="PASS" start="2025-12-25T14:16:11.775868" elapsed="0.201456"/>
</kw>
<kw name="Input Text" owner="SeleniumLibrary">
<msg time="2025-12-25T14:16:11.982991" level="INFO">Typing text 'CS KKU' into text field 'id=organization'.</msg>
<arg>id=organization</arg>
<arg>CS KKU</arg>
<doc>Types the given ``text`` into the text field identified by ``locator``.</doc>
<status status="PASS" start="2025-12-25T14:16:11.981992" elapsed="0.124308"/>
</kw>
<kw name="Input Text" owner="SeleniumLibrary">
<msg time="2025-12-25T14:16:12.107296" level="INFO">Typing text 'somyod@kkumail.com' into text field 'id=email'.</msg>
<arg>id=email</arg>
<arg>somyod@kkumail.com</arg>
<doc>Types the given ``text`` into the text field identified by ``locator``.</doc>
<status status="PASS" start="2025-12-25T14:16:12.106300" elapsed="0.110181"/>
</kw>
<kw name="Input Text" owner="SeleniumLibrary">
<msg time="2025-12-25T14:16:12.217477" level="INFO">Typing text '091-001-1234' into text field 'id=phone'.</msg>
<arg>id=phone</arg>
<arg>091-001-1234</arg>
<doc>Types the given ``text`` into the text field identified by ``locator``.</doc>
<status status="PASS" start="2025-12-25T14:16:12.216481" elapsed="0.097210"/>
</kw>
<kw name="Click Button" owner="SeleniumLibrary">
<msg time="2025-12-25T14:16:12.314836" level="INFO">Clicking button 'id=registerButton'.</msg>
<arg>id=registerButton</arg>
<doc>Clicks the button identified by ``locator``.</doc>
<status status="PASS" start="2025-12-25T14:16:12.314836" elapsed="0.070730"/>
</kw>
<kw name="Page Should Contain" owner="SeleniumLibrary">
<msg time="2025-12-25T14:16:12.401452" level="INFO">Current page contains text 'Please enter your last name!!'.</msg>
<arg>Please enter your last name!!</arg>
<doc>Verifies that current page contains ``text``.</doc>
<status status="PASS" start="2025-12-25T14:16:12.386563" elapsed="0.014889"/>
</kw>
<kw name="Close Browser" owner="SeleniumLibrary">
<doc>Closes the current browser.</doc>
<status status="PASS" start="2025-12-25T14:16:12.402453" elapsed="2.172496"/>
</kw>
<status status="PASS" start="2025-12-25T14:16:10.180764" elapsed="4.396377"/>
</test>
<status status="PASS" start="2025-12-25T14:16:09.823890" elapsed="4.754694"/>
</suite>
<statistics>
<total>
<stat pass="1" fail="0" skip="0">All Tests</stat>
</total>
<tag>
</tag>
<suite>
<stat name="Empty Last Name" id="s1" pass="1" fail="0" skip="0">Empty Last Name</stat>
</suite>
</statistics>
<errors>
</errors>
</robot>
