<?xml version="1.0" encoding="UTF-8"?>
<robot generator="Robot 7.4.1 (Python 3.11.9 on win32)" generated="2025-12-25T14:19:05.955514" rpa="false" schemaversion="5">
<suite id="s1" name="Empty Email" source="D:\CP\lab4\TestAutomationLab\tests\Empty Email\empty_email.robot">
<test id="s1-t1" name="Empty Email" line="9">
<kw name="Open Browser" owner="SeleniumLibrary">
<msg time="2025-12-25T14:19:06.312437" level="INFO">Opening browser 'Chrome' to base url 'file:///D:/CP/lab4/TestAutomationLab/StarterFiles/Registration.html'.</msg>
<arg>${URL}</arg>
<arg>${BROWSER}</arg>
<doc>Opens a new browser instance to the optional ``url``.</doc>
<status status="PASS" start="2025-12-25T14:19:06.312437" elapsed="1.556513"/>
</kw>
<kw name="Maximize Browser Window" owner="SeleniumLibrary">
<doc>Maximizes current browser window.</doc>
<status status="PASS" start="2025-12-25T14:19:07.870389" elapsed="0.035092"/>
</kw>
<kw name="Input Text" owner="SeleniumLibrary">
<msg time="2025-12-25T14:19:07.906478" level="INFO">Typing text 'Somyod' into text field 'id=firstname'.</msg>
<arg>id=firstname</arg>
<arg>Somyod</arg>
<doc>Types the given ``text`` into the text field identified by ``locator``.</doc>
<status status="PASS" start="2025-12-25T14:19:07.905481" elapsed="0.216730"/>
</kw>
<kw name="Input Text" owner="SeleniumLibrary">
<msg time="2025-12-25T14:19:08.123696" level="INFO">Typing text 'Sodsai' into text field 'id=lastname'.</msg>
<arg>id=lastname</arg>
<arg>Sodsai</arg>
<doc>Types the given ``text`` into the text field identified by ``locator``.</doc>
<status status="PASS" start="2025-12-25T14:19:08.122211" elapsed="0.100922"/>
</kw>
<kw name="Input Text" owner="SeleniumLibrary">
<msg time="2025-12-25T14:19:08.224131" level="INFO">Typing text 'CS KKU' into text field 'id=organization'.</msg>
<arg>id=organization</arg>
<arg>CS KKU</arg>
<doc>Types the given ``text`` into the text field identified by ``locator``.</doc>
<status status="PASS" start="2025-12-25T14:19:08.223133" elapsed="0.090484"/>
</kw>
<kw name="Input Text" owner="SeleniumLibrary">
<msg time="2025-12-25T14:19:08.315493" level="INFO">Typing text '091-001-1234' into text field 'id=phone'.</msg>
<arg>id=phone</arg>
<arg>091-001-1234</arg>
<doc>Types the given ``text`` into the text field identified by ``locator``.</doc>
<status status="PASS" start="2025-12-25T14:19:08.313617" elapsed="0.098369"/>
</kw>
<kw name="Click Button" owner="SeleniumLibrary">
<msg time="2025-12-25T14:19:08.413231" level="INFO">Clicking button 'id=registerButton'.</msg>
<arg>id=registerButton</arg>
<doc>Clicks the button identified by ``locator``.</doc>
<status status="PASS" start="2025-12-25T14:19:08.411986" elapsed="0.085718"/>
</kw>
<kw name="Page Should Contain" owner="SeleniumLibrary">
<msg time="2025-12-25T14:19:08.511907" level="INFO">Current page contains text 'Please enter your email!!'.</msg>
<arg>Please enter your email!!</arg>
<doc>Verifies that current page contains ``text``.</doc>
<status status="PASS" start="2025-12-25T14:19:08.497704" elapsed="0.015205"/>
</kw>
<kw name="Close Browser" owner="SeleniumLibrary">
<doc>Closes the current browser.</doc>
<status status="PASS" start="2025-12-25T14:19:08.512909" elapsed="2.180034"/>
</kw>
<status status="PASS" start="2025-12-25T14:19:06.310431" elapsed="4.382512"/>
</test>
<status status="PASS" start="2025-12-25T14:19:05.957522" elapsed="4.736851"/>
</suite>
<statistics>
<total>
<stat pass="1" fail="0" skip="0">All Tests</stat>
</total>
<tag>
</tag>
<suite>
<stat name="Empty Email" id="s1" pass="1" fail="0" skip="0">Empty Email</stat>
</suite>
</statistics>
<errors>
</errors>
</robot>
